<?xml version="1.0" encoding="UTF-8"?>
<testng-results ignored="0" total="1" passed="1" failed="0" skipped="0">
  <reporter-output>
  </reporter-output>
  <suite started-at="2023-08-12T09:02:02 IST" name="Surefire suite" finished-at="2023-08-12T09:02:46 IST" duration-ms="43870">
    <groups>
      <group name="cucumber">
        <method signature="AbstractTestNGCucumberTests.runScenario(io.cucumber.testng.PickleWrapper,io.cucumber.testng.FeatureWrapper)[pri:0, instance:testrunner.TestRunner@290222c1]" name="runScenario" class="io.cucumber.testng.AbstractTestNGCucumberTests"/>
      </group> <!-- cucumber -->
    </groups>
    <test started-at="2023-08-12T09:02:02 IST" name="Surefire test" finished-at="2023-08-12T09:02:46 IST" duration-ms="43870">
      <class name="testrunner.TestRunner">
        <test-method is-config="true" signature="setUpClass()[pri:0, instance:testrunner.TestRunner@290222c1]" started-at="2023-08-12T09:02:02 IST" name="setUpClass" finished-at="2023-08-12T09:02:03 IST" duration-ms="1028" status="PASS">
          <reporter-output>
          </reporter-output>
        </test-method> <!-- setUpClass -->
        <test-method signature="runScenario(io.cucumber.testng.PickleWrapper,io.cucumber.testng.FeatureWrapper)[pri:0, instance:testrunner.TestRunner@290222c1]" started-at="2023-08-12T09:02:03 IST" name="runScenario" description="Runs Cucumber Scenarios" data-provider="scenarios" finished-at="2023-08-12T09:02:41 IST" duration-ms="37514" status="PASS">
          <params>
            <param index="0">
              <value>
                <![CDATA["Scenario to Verify logoutBySelectingUserDropdownOption"]]>
              </value>
            </param>
            <param index="1">
              <value>
                <![CDATA["Optional[Logout Functionality.]"]]>
              </value>
            </param>
          </params>
          <reporter-output>
          </reporter-output>
        </test-method> <!-- runScenario -->
        <test-method is-config="true" signature="tearDownClass()[pri:0, instance:testrunner.TestRunner@290222c1]" started-at="2023-08-12T09:02:41 IST" name="tearDownClass" finished-at="2023-08-12T09:02:46 IST" duration-ms="5272" status="PASS">
          <reporter-output>
          </reporter-output>
        </test-method> <!-- tearDownClass -->
      </class> <!-- testrunner.TestRunner -->
    </test> <!-- Surefire test -->
  </suite> <!-- Surefire suite -->
</testng-results>
