<?xml version="1.0" encoding="UTF-8"?>
<testng-results ignored="0" total="1" passed="1" failed="0" skipped="0">
  <reporter-output>
  </reporter-output>
  <suite started-at="2023-08-16T12:39:04 IST" name="testrunner.TestRunner" finished-at="2023-08-16T12:39:29 IST" duration-ms="24929">
    <groups>
      <group name="cucumber">
        <method signature="AbstractTestNGCucumberTests.runScenario(io.cucumber.testng.PickleWrapper,io.cucumber.testng.FeatureWrapper)[pri:0, instance:testrunner.TestRunner@272113c4]" name="runScenario" class="io.cucumber.testng.AbstractTestNGCucumberTests"/>
      </group> <!-- cucumber -->
    </groups>
    <test started-at="2023-08-16T12:39:04 IST" name="Command line test" finished-at="2023-08-16T12:39:29 IST" duration-ms="24929">
      <class name="testrunner.TestRunner">
        <test-method is-config="true" signature="setUpClass()[pri:0, instance:testrunner.TestRunner@272113c4]" started-at="2023-08-16T12:39:04 IST" name="setUpClass" finished-at="2023-08-16T12:39:04 IST" duration-ms="593" status="PASS">
          <reporter-output>
          </reporter-output>
        </test-method> <!-- setUpClass -->
        <test-method signature="runScenario(io.cucumber.testng.PickleWrapper,io.cucumber.testng.FeatureWrapper)[pri:0, instance:testrunner.TestRunner@272113c4]" started-at="2023-08-16T12:39:04 IST" name="runScenario" description="Runs Cucumber Scenarios" data-provider="scenarios" finished-at="2023-08-16T12:39:25 IST" duration-ms="20652" status="PASS">
          <params>
            <param index="0">
              <value>
                <![CDATA["Scenario to Login"]]>
              </value>
            </param>
            <param index="1">
              <value>
                <![CDATA["Optional[Login]"]]>
              </value>
            </param>
          </params>
          <reporter-output>
          </reporter-output>
        </test-method> <!-- runScenario -->
        <test-method is-config="true" signature="tearDownClass()[pri:0, instance:testrunner.TestRunner@272113c4]" started-at="2023-08-16T12:39:25 IST" name="tearDownClass" finished-at="2023-08-16T12:39:29 IST" duration-ms="3617" status="PASS">
          <reporter-output>
          </reporter-output>
        </test-method> <!-- tearDownClass -->
      </class> <!-- testrunner.TestRunner -->
    </test> <!-- Command line test -->
  </suite> <!-- testrunner.TestRunner -->
</testng-results>
